--- TIMM SYSTEM LOG BOOTING ---
Starting Socket.IO Server...
 * Serving Flask app 'app'
 * Debug mode: off
Launching PyWebView Window...
Serving index.html
Frontend connected via WebSocket!
Frontend connected via WebSocket!
Frontend connected via WebSocket!
Frontend connected via WebSocket!
Frontend connected via WebSocket!
Frontend connected via WebSocket!
Frontend connected via WebSocket!
Frontend connected via WebSocket!
Serving index.html
Frontend connected via WebSocket!
Frontend connected via WebSocket!
Frontend connected via WebSocket!
Frontend connected via WebSocket!
Frontend connected via WebSocket!
Frontend connected via WebSocket!
Frontend connected via WebSocket!
Frontend connected via WebSocket!
OUT 1 (Display): Sending 3
OUT 1 (Display): Sending 2
OUT 1 (Display): Sending 1
OUT 1 (Display): Sending 0
OUT 1 (Display): Sending 255
OUT 1 (Display): Sending 254
OUT 1 (Display): Sending 253
OUT 1 (Display): Sending 252
OUT 1 (Display): Sending 251
OUT 1 (Display): Sending 250
OUT 1 (Display): Sending 249
OUT 1 (Display): Sending 248
OUT 1 (Display): Sending 247
OUT 1 (Display): Sending 246
OUT 1 (Display): Sending 245
OUT 1 (Display): Sending 244
OUT 1 (Display): Sending 243
OUT 1 (Display): Sending 242
OUT 1 (Display): Sending 241
OUT 1 (Display): Sending 240
OUT 1 (Display): Sending 239
OUT 1 (Display): Sending 238
OUT 1 (Display): Sending 237
OUT 1 (Display): Sending 236
OUT 1 (Display): Sending 235
OUT 1 (Display): Sending 234
OUT 1 (Display): Sending 233
OUT 1 (Display): Sending 232
OUT 1 (Display): Sending 231
OUT 1 (Display): Sending 230
OUT 1 (Display): Sending 229
OUT 1 (Display): Sending 228
OUT 1 (Display): Sending 227
